Arguments: 
  /home/andrerib/.nvm/versions/node/v18.10.0/bin/node /home/andrerib/.nvm/versions/node/v18.10.0/bin/yarn add -D ts-node-daemon

PATH: 
  /home/andrerib/.pyenv/plugins/pyenv-virtualenv/shims:/home/andrerib/.pyenv/shims:/home/andrerib/android-sdk_linux/platform-tools:/home/andrerib/.pyenv/bin:/home/andrerib/.local/bin:/home/andrerib/.pyenv/plugins/pyenv-virtualenv/shims:/home/andrerib/android-sdk_linux/platform-tools:/home/andrerib/.pyenv/bin:/home/andrerib/.local/bin:/home/andrerib/.nvm/versions/node/v18.10.0/bin:/home/andrerib/.pyenv/plugins/pyenv-virtualenv/shims:/home/andrerib/android-sdk_linux/platform-tools:/home/andrerib/.pyenv/bin:/home/andrerib/.local/bin:/home/andrerib/.local/share/zinit/polaris/bin:/usr/local/sbin:/usr/local/bin:/usr/sbin:/usr/bin:/sbin:/bin:/usr/games:/usr/local/games:/snap/bin:/usr/local/go/bin:/usr/local/go/bin:/usr/local/go/bin

Yarn version: 
  1.22.19

Node version: 
  18.10.0

Platform: 
  linux x64

Trace: 
  Error: https://registry.yarnpkg.com/ts-node-daemon: Not found
      at params.callback [as _callback] (/home/andrerib/.nvm/versions/node/v18.10.0/lib/node_modules/yarn/lib/cli.js:66145:18)
      at self.callback (/home/andrerib/.nvm/versions/node/v18.10.0/lib/node_modules/yarn/lib/cli.js:140890:22)
      at Request.emit (node:events:513:28)
      at Request.<anonymous> (/home/andrerib/.nvm/versions/node/v18.10.0/lib/node_modules/yarn/lib/cli.js:141862:10)
      at Request.emit (node:events:513:28)
      at IncomingMessage.<anonymous> (/home/andrerib/.nvm/versions/node/v18.10.0/lib/node_modules/yarn/lib/cli.js:141784:12)
      at Object.onceWrapper (node:events:627:28)
      at IncomingMessage.emit (node:events:525:35)
      at endReadableNT (node:internal/streams/readable:1359:12)
      at process.processTicksAndRejections (node:internal/process/task_queues:82:21)

npm manifest: 
  {
    "name": "projeto_redes",
    "version": "1.0.0",
    "description": "",
    "main": "index.js",
    "scripts": {
      "test": "echo \"Error: no test specified\" && exit 1"
    },
    "keywords": [],
    "author": "",
    "license": "ISC",
    "dependencies": {
      "typescript": "^5.2.2"
    },
    "devDependencies": {
      "@types/node": "^20.5.7"
    }
  }

yarn manifest: 
  No manifest

Lockfile: 
  # THIS IS AN AUTOGENERATED FILE. DO NOT EDIT THIS FILE DIRECTLY.
  # yarn lockfile v1
  
  
  "@types/node@^20.5.7":
    version "20.5.7"
    resolved "https://registry.yarnpkg.com/@types/node/-/node-20.5.7.tgz#4b8ecac87fbefbc92f431d09c30e176fc0a7c377"
    integrity sha512-dP7f3LdZIysZnmvP3ANJYTSwg+wLLl8p7RqniVlV7j+oXSXAbt9h0WIBFmJy5inWZoX9wZN6eXx+YXd9Rh3RBA==
  
  typescript@^5.2.2:
    version "5.2.2"
    resolved "https://registry.yarnpkg.com/typescript/-/typescript-5.2.2.tgz#5ebb5e5a5b75f085f22bc3f8460fba308310fa78"
    integrity sha512-mI4WrpHsbCIcwT9cF4FZvr80QUeKvsUsUvKDoR+X/7XHQH98xYD8YHZg7ANtz2GtZt/CBq2QJ0thkGJMHfqc1w==
